[00:15:22.147 Verbose] - BuildManager - Some of the paths are absolute. This may prevent Live Unit Testing from building to the correct location.
[00:15:22.158 Verbose] - BuildManager - Property BaseOutputPath evaluated to 'bin\' via:
BaseOutputPath: 'bin\' @ C:\Program Files\dotnet\sdk\3.1.302\Sdks\Microsoft.NET.Sdk\targets\Microsoft.NET.DefaultOutputPaths.targets:31
[00:15:22.158 Verbose] - BuildManager - Property BaseIntermediateOutputPath evaluated to 'C:\Users\dotnetcloudmc102\source\repos\API\Test\obj\' via:
BaseIntermediateOutputPath: '$(MSBuildProjectDirectory)\$(BaseIntermediateOutputPath)' @ C:\Program Files\dotnet\sdk\3.1.302\Sdks\Microsoft.NET.Sdk.Publish\targets\Microsoft.NET.Sdk.Publish.targets:74
  MSBuildProjectDirectory: 'C:\Users\dotnetcloudmc102\source\repos\API\Test'
  BaseIntermediateOutputPath: 'obj\' @ C:\Program Files (x86)\Microsoft Visual Studio\2019\Enterprise\MSBuild\Current\Microsoft.Common.props:46
[00:15:22.159 Verbose] - BuildManager - Property IntermediateOutputPath evaluated to 'obj\Debug\netcoreapp3.1\' via:
IntermediateOutputPath: '$(IntermediateOutputPath)$(TargetFramework.ToLowerInvariant())\' @ C:\Program Files\dotnet\sdk\3.1.302\Sdks\Microsoft.NET.Sdk\targets\Microsoft.NET.TargetFrameworkInference.targets:185
  IntermediateOutputPath: '$(BaseIntermediateOutputPath)$(Configuration)\' @ C:\Program Files\dotnet\sdk\3.1.302\Sdks\Microsoft.NET.Sdk\targets\Microsoft.NET.DefaultOutputPaths.targets:39
    BaseIntermediateOutputPath: 'obj\' @ C:\Program Files (x86)\Microsoft Visual Studio\2019\Enterprise\MSBuild\Current\Microsoft.Common.props:46
    Configuration: 'Debug'
[00:15:22.159 Verbose] - BuildManager - Property OutputPath evaluated to 'bin\Debug\netcoreapp3.1\' via:
OutputPath: '$(OutputPath)$(TargetFramework.ToLowerInvariant())\' @ C:\Program Files\dotnet\sdk\3.1.302\Sdks\Microsoft.NET.Sdk\targets\Microsoft.NET.TargetFrameworkInference.targets:186
  OutputPath: '$(BaseOutputPath)$(Configuration)\' @ C:\Program Files\dotnet\sdk\3.1.302\Sdks\Microsoft.NET.Sdk\targets\Microsoft.NET.DefaultOutputPaths.targets:33
    BaseOutputPath: 'bin\' @ C:\Program Files\dotnet\sdk\3.1.302\Sdks\Microsoft.NET.Sdk\targets\Microsoft.NET.DefaultOutputPaths.targets:31
    Configuration: 'Debug'
[00:15:22.159 Verbose] - BuildManager - Property OutDir evaluated to 'bin\Debug\netcoreapp3.1\' via:
OutDir: '$(OutputPath)' @ C:\Program Files (x86)\Microsoft Visual Studio\2019\Enterprise\MSBuild\Current\Bin\Microsoft.Common.CurrentVersion.targets:193
  OutputPath: '$(OutputPath)$(TargetFramework.ToLowerInvariant())\' @ C:\Program Files\dotnet\sdk\3.1.302\Sdks\Microsoft.NET.Sdk\targets\Microsoft.NET.TargetFrameworkInference.targets:186
    OutputPath: '$(BaseOutputPath)$(Configuration)\' @ C:\Program Files\dotnet\sdk\3.1.302\Sdks\Microsoft.NET.Sdk\targets\Microsoft.NET.DefaultOutputPaths.targets:33
      BaseOutputPath: 'bin\' @ C:\Program Files\dotnet\sdk\3.1.302\Sdks\Microsoft.NET.Sdk\targets\Microsoft.NET.DefaultOutputPaths.targets:31
      Configuration: 'Debug'
[00:15:22.881 Verbose] - BuildManager - System.IO.FileNotFoundException: Could not find a part of the path 'C:\Users\dotnetcloudmc102\source\repos\API\.vs\API\v16\lut\0\b\ProjectOne\bin\Debug\netcoreapp3.1\ProjectOne.dll'.
File name: 'C:\Users\dotnetcloudmc102\source\repos\API\.vs\API\v16\lut\0\b\ProjectOne\bin\Debug\netcoreapp3.1\ProjectOne.dll' ---> System.IO.DirectoryNotFoundException: Could not find a part of the path 'C:\Users\dotnetcloudmc102\source\repos\API\.vs\API\v16\lut\0\b\ProjectOne\bin\Debug\netcoreapp3.1\ProjectOne.dll'.
   at System.IO.__Error.WinIOError(Int32 errorCode, String maybeFullPath)
   at System.IO.FileStream.Init(String path, FileMode mode, FileAccess access, Int32 rights, Boolean useRights, FileShare share, Int32 bufferSize, FileOptions options, SECURITY_ATTRIBUTES secAttrs, String msgPath, Boolean bFromProxy, Boolean useLongPath, Boolean checkHost)
   at System.IO.FileStream..ctor(String path, FileMode mode, FileAccess access, FileShare share)
   at Roslyn.Utilities.FileUtilities.OpenFileStream(String path)
   at Roslyn.Utilities.FileUtilities.OpenFileStream(String path)
   at Microsoft.CodeAnalysis.MetadataReference.CreateFromFile(String path, MetadataReferenceProperties properties, DocumentationProvider documentation)
   at Microsoft.CodeAnalysis.LiveUnitTesting.BuildManagement.CompilationComparer.TryGetReference(CommandLineReference commandLineReference, Logger logger, MetadataReference& reference)
[00:15:23.029 Verbose] - BuildManager - C:\Users\dotnetcloudmc102\source\repos\API\Test\CustomersControllerTest.cs(9,7): error CS0246: The type or namespace name 'ProjectOne' could not be found (are you missing a using directive or an assembly reference?)
[00:15:23.029 Verbose] - BuildManager - C:\Users\dotnetcloudmc102\source\repos\API\Test\CustomersControllerTest.cs(10,7): error CS0246: The type or namespace name 'ProjectOne' could not be found (are you missing a using directive or an assembly reference?)
[00:15:23.029 Verbose] - BuildManager - C:\Users\dotnetcloudmc102\source\repos\API\Test\CustomersControllerTest.cs(11,7): error CS0246: The type or namespace name 'ProjectOne' could not be found (are you missing a using directive or an assembly reference?)
[00:15:23.029 Verbose] - BuildManager - C:\Users\dotnetcloudmc102\source\repos\API\Test\DatabaseFixture.cs(2,7): error CS0246: The type or namespace name 'ProjectOne' could not be found (are you missing a using directive or an assembly reference?)
[00:15:23.029 Verbose] - BuildManager - C:\Users\dotnetcloudmc102\source\repos\API\Test\DatabaseFixture.cs(3,7): error CS0246: The type or namespace name 'ProjectOne' could not be found (are you missing a using directive or an assembly reference?)
[00:15:23.029 Verbose] - BuildManager - C:\Users\dotnetcloudmc102\source\repos\API\Test\DatabaseFixture.cs(13,16): error CS0246: The type or namespace name 'CustomersDbContext' could not be found (are you missing a using directive or an assembly reference?)
[00:15:23.029 Verbose] - BuildManager - C:\Users\dotnetcloudmc102\source\repos\API\Test\CustomersControllerTest.cs(169,22): error CS0246: The type or namespace name 'Customer' could not be found (are you missing a using directive or an assembly reference?)
[00:15:23.029 Verbose] - BuildManager - C:\Users\dotnetcloudmc102\source\repos\API\Test\CustomersControllerTest.cs(181,17): error CS0246: The type or namespace name 'Customer' could not be found (are you missing a using directive or an assembly reference?)
[00:15:23.029 Verbose] - BuildManager - C:\Users\dotnetcloudmc102\source\repos\API\Test\CustomersControllerTest.cs(187,17): error CS0246: The type or namespace name 'Customer' could not be found (are you missing a using directive or an assembly reference?)
[00:15:23.029 Verbose] - BuildManager - C:\Users\dotnetcloudmc102\source\repos\API\Test\Program.cs(14,28): error CS0017: Program has more than one entry point defined. Compile with /main to specify the type that contains the entry point.
[00:15:23.029 Verbose] - BuildManager - C:\Users\dotnetcloudmc102\source\repos\API\Test\DatabaseFixture.cs(17,55): error CS0246: The type or namespace name 'CustomersDbContext' could not be found (are you missing a using directive or an assembly reference?)
[00:15:23.029 Verbose] - BuildManager - C:\Users\dotnetcloudmc102\source\repos\API\Test\DatabaseFixture.cs(19,29): error CS0246: The type or namespace name 'CustomersDbContext' could not be found (are you missing a using directive or an assembly reference?)
[00:15:23.029 Verbose] - BuildManager - C:\Users\dotnetcloudmc102\source\repos\API\Test\DatabaseFixture.cs(21,41): error CS0246: The type or namespace name 'Customer' could not be found (are you missing a using directive or an assembly reference?)
[00:15:23.029 Verbose] - BuildManager - C:\Users\dotnetcloudmc102\source\repos\API\Test\DatabaseFixture.cs(21,115): error CS0103: The name 'ProjectOne' does not exist in the current context
[00:15:23.029 Verbose] - BuildManager - C:\Users\dotnetcloudmc102\source\repos\API\Test\DatabaseFixture.cs(21,166): error CS0103: The name 'ProjectOne' does not exist in the current context
[00:15:23.029 Verbose] - BuildManager - C:\Users\dotnetcloudmc102\source\repos\API\Test\DatabaseFixture.cs(22,41): error CS0246: The type or namespace name 'Customer' could not be found (are you missing a using directive or an assembly reference?)
[00:15:23.029 Verbose] - BuildManager - C:\Users\dotnetcloudmc102\source\repos\API\Test\DatabaseFixture.cs(22,115): error CS0103: The name 'ProjectOne' does not exist in the current context
[00:15:23.029 Verbose] - BuildManager - C:\Users\dotnetcloudmc102\source\repos\API\Test\DatabaseFixture.cs(22,166): error CS0103: The name 'ProjectOne' does not exist in the current context
[00:15:23.029 Verbose] - BuildManager - C:\Users\dotnetcloudmc102\source\repos\API\Test\DatabaseFixture.cs(23,41): error CS0246: The type or namespace name 'Customer' could not be found (are you missing a using directive or an assembly reference?)
[00:15:23.029 Verbose] - BuildManager - C:\Users\dotnetcloudmc102\source\repos\API\Test\DatabaseFixture.cs(23,117): error CS0103: The name 'ProjectOne' does not exist in the current context
[00:15:23.029 Verbose] - BuildManager - C:\Users\dotnetcloudmc102\source\repos\API\Test\DatabaseFixture.cs(23,168): error CS0103: The name 'ProjectOne' does not exist in the current context
[00:15:23.029 Verbose] - BuildManager - C:\Users\dotnetcloudmc102\source\repos\API\Test\CustomersControllerTest.cs(22,40): error CS0246: The type or namespace name 'ICustomersRepository' could not be found (are you missing a using directive or an assembly reference?)
[00:15:23.029 Verbose] - BuildManager - C:\Users\dotnetcloudmc102\source\repos\API\Test\CustomersControllerTest.cs(23,77): error CS1503: Argument 1: cannot convert from 'System.Collections.Generic.List<Customer>' to '?'
[00:15:23.029 Verbose] - BuildManager - C:\Users\dotnetcloudmc102\source\repos\API\Test\CustomersControllerTest.cs(24,34): error CS0246: The type or namespace name 'CustomersController' could not be found (are you missing a using directive or an assembly reference?)
[00:15:23.029 Verbose] - BuildManager - C:\Users\dotnetcloudmc102\source\repos\API\Test\CustomersControllerTest.cs(31,61): error CS0246: The type or namespace name 'Customer' could not be found (are you missing a using directive or an assembly reference?)
[00:15:23.029 Verbose] - BuildManager - C:\Users\dotnetcloudmc102\source\repos\API\Test\CustomersControllerTest.cs(39,40): error CS0246: The type or namespace name 'ICustomersRepository' could not be found (are you missing a using directive or an assembly reference?)
[00:15:23.029 Verbose] - BuildManager - C:\Users\dotnetcloudmc102\source\repos\API\Test\CustomersControllerTest.cs(40,83): error CS0246: The type or namespace name 'Customer' could not be found (are you missing a using directive or an assembly reference?)
[00:15:23.029 Verbose] - BuildManager - C:\Users\dotnetcloudmc102\source\repos\API\Test\CustomersControllerTest.cs(40,77): error CS1503: Argument 1: cannot convert from 'System.Collections.Generic.List<Customer>' to '?'
[00:15:23.029 Verbose] - BuildManager - C:\Users\dotnetcloudmc102\source\repos\API\Test\CustomersControllerTest.cs(41,34): error CS0246: The type or namespace name 'CustomersController' could not be found (are you missing a using directive or an assembly reference?)
[00:15:23.029 Verbose] - BuildManager - C:\Users\dotnetcloudmc102\source\repos\API\Test\CustomersControllerTest.cs(56,40): error CS0246: The type or namespace name 'ICustomersRepository' could not be found (are you missing a using directive or an assembly reference?)
[00:15:23.029 Verbose] - BuildManager - C:\Users\dotnetcloudmc102\source\repos\API\Test\CustomersControllerTest.cs(58,34): error CS0246: The type or namespace name 'CustomersController' could not be found (are you missing a using directive or an assembly reference?)
[00:15:23.029 Verbose] - BuildManager - C:\Users\dotnetcloudmc102\source\repos\API\Test\CustomersControllerTest.cs(64,44): error CS0246: The type or namespace name 'Customer' could not be found (are you missing a using directive or an assembly reference?)
[00:15:23.029 Verbose] - BuildManager - C:\Users\dotnetcloudmc102\source\repos\API\Test\CustomersControllerTest.cs(73,40): error CS0246: The type or namespace name 'ICustomersRepository' could not be found (are you missing a using directive or an assembly reference?)
[00:15:23.029 Verbose] - BuildManager - C:\Users\dotnetcloudmc102\source\repos\API\Test\CustomersControllerTest.cs(74,34): error CS0246: The type or namespace name 'CustomersController' could not be found (are you missing a using directive or an assembly reference?)
[00:15:23.029 Verbose] - BuildManager - C:\Users\dotnetcloudmc102\source\repos\API\Test\CustomersControllerTest.cs(88,40): error CS0246: The type or namespace name 'ICustomersRepository' could not be found (are you missing a using directive or an assembly reference?)
[00:15:23.029 Verbose] - BuildManager - C:\Users\dotnetcloudmc102\source\repos\API\Test\CustomersControllerTest.cs(89,71): error CS0246: The type or namespace name 'Customer' could not be found (are you missing a using directive or an assembly reference?)
[00:15:23.029 Verbose] - BuildManager - C:\Users\dotnetcloudmc102\source\repos\API\Test\CustomersControllerTest.cs(90,34): error CS0246: The type or namespace name 'CustomersController' could not be found (are you missing a using directive or an assembly reference?)
[00:15:23.029 Verbose] - BuildManager - C:\Users\dotnetcloudmc102\source\repos\API\Test\CustomersControllerTest.cs(104,35): error CS0246: The type or namespace name 'Customer' could not be found (are you missing a using directive or an assembly reference?)
[00:15:23.029 Verbose] - BuildManager - C:\Users\dotnetcloudmc102\source\repos\API\Test\CustomersControllerTest.cs(104,118): error CS0103: The name 'ProjectOne' does not exist in the current context
[00:15:23.029 Verbose] - BuildManager - C:\Users\dotnetcloudmc102\source\repos\API\Test\CustomersControllerTest.cs(104,169): error CS0103: The name 'ProjectOne' does not exist in the current context
[00:15:23.029 Verbose] - BuildManager - C:\Users\dotnetcloudmc102\source\repos\API\Test\CustomersControllerTest.cs(105,40): error CS0246: The type or namespace name 'ICustomersRepository' could not be found (are you missing a using directive or an assembly reference?)
[00:15:23.029 Verbose] - BuildManager - C:\Users\dotnetcloudmc102\source\repos\API\Test\CustomersControllerTest.cs(106,74): error CS0246: The type or namespace name 'Customer' could not be found (are you missing a using directive or an assembly reference?)
[00:15:23.029 Verbose] - BuildManager - C:\Users\dotnetcloudmc102\source\repos\API\Test\CustomersControllerTest.cs(107,34): error CS0246: The type or namespace name 'CustomersController' could not be found (are you missing a using directive or an assembly reference?)
[00:15:23.029 Verbose] - BuildManager - C:\Users\dotnetcloudmc102\source\repos\API\Test\CustomersControllerTest.cs(115,44): error CS0246: The type or namespace name 'Customer' could not be found (are you missing a using directive or an assembly reference?)
[00:15:23.029 Verbose] - BuildManager - C:\Users\dotnetcloudmc102\source\repos\API\Test\CustomersControllerTest.cs(124,40): error CS0246: The type or namespace name 'ICustomersRepository' could not be found (are you missing a using directive or an assembly reference?)
[00:15:23.029 Verbose] - BuildManager - C:\Users\dotnetcloudmc102\source\repos\API\Test\CustomersControllerTest.cs(125,74): error CS0246: The type or namespace name 'Customer' could not be found (are you missing a using directive or an assembly reference?)
[00:15:23.029 Verbose] - BuildManager - C:\Users\dotnetcloudmc102\source\repos\API\Test\CustomersControllerTest.cs(125,96): error CS0246: The type or namespace name 'Customer' could not be found (are you missing a using directive or an assembly reference?)
[00:15:23.029 Verbose] - BuildManager - C:\Users\dotnetcloudmc102\source\repos\API\Test\CustomersControllerTest.cs(126,34): error CS0246: The type or namespace name 'CustomersController' could not be found (are you missing a using directive or an assembly reference?)
[00:15:23.029 Verbose] - BuildManager - C:\Users\dotnetcloudmc102\source\repos\API\Test\CustomersControllerTest.cs(127,35): error CS0246: The type or namespace name 'Customer' could not be found (are you missing a using directive or an assembly reference?)
[00:15:23.029 Verbose] - BuildManager - C:\Users\dotnetcloudmc102\source\repos\API\Test\CustomersControllerTest.cs(127,118): error CS0103: The name 'ProjectOne' does not exist in the current context
[00:15:23.029 Verbose] - BuildManager - C:\Users\dotnetcloudmc102\source\repos\API\Test\CustomersControllerTest.cs(127,169): error CS0103: The name 'ProjectOne' does not exist in the current context
[00:15:23.029 Verbose] - BuildManager - C:\Users\dotnetcloudmc102\source\repos\API\Test\CustomersControllerTest.cs(141,40): error CS0246: The type or namespace name 'ICustomersRepository' could not be found (are you missing a using directive or an assembly reference?)
[00:15:23.029 Verbose] - BuildManager - C:\Users\dotnetcloudmc102\source\repos\API\Test\CustomersControllerTest.cs(142,74): error CS0246: The type or namespace name 'Customer' could not be found (are you missing a using directive or an assembly reference?)
[00:15:23.029 Verbose] - BuildManager - C:\Users\dotnetcloudmc102\source\repos\API\Test\CustomersControllerTest.cs(143,34): error CS0246: The type or namespace name 'CustomersController' could not be found (are you missing a using directive or an assembly reference?)
[00:15:23.029 Verbose] - BuildManager - C:\Users\dotnetcloudmc102\source\repos\API\Test\CustomersControllerTest.cs(157,40): error CS0246: The type or namespace name 'ICustomersRepository' could not be found (are you missing a using directive or an assembly reference?)
[00:15:23.029 Verbose] - BuildManager - C:\Users\dotnetcloudmc102\source\repos\API\Test\CustomersControllerTest.cs(158,74): error CS0246: The type or namespace name 'Customer' could not be found (are you missing a using directive or an assembly reference?)
[00:15:23.029 Verbose] - BuildManager - C:\Users\dotnetcloudmc102\source\repos\API\Test\CustomersControllerTest.cs(159,34): error CS0246: The type or namespace name 'CustomersController' could not be found (are you missing a using directive or an assembly reference?)
[00:15:23.029 Verbose] - BuildManager - C:\Users\dotnetcloudmc102\source\repos\API\Test\CustomersControllerTest.cs(171,38): error CS0246: The type or namespace name 'Customer' could not be found (are you missing a using directive or an assembly reference?)
[00:15:23.029 Verbose] - BuildManager - C:\Users\dotnetcloudmc102\source\repos\API\Test\CustomersControllerTest.cs(173,17): error CS0246: The type or namespace name 'Customer' could not be found (are you missing a using directive or an assembly reference?)
[00:15:23.029 Verbose] - BuildManager - C:\Users\dotnetcloudmc102\source\repos\API\Test\CustomersControllerTest.cs(173,91): error CS0103: The name 'ProjectOne' does not exist in the current context
[00:15:23.029 Verbose] - BuildManager - C:\Users\dotnetcloudmc102\source\repos\API\Test\CustomersControllerTest.cs(173,142): error CS0103: The name 'ProjectOne' does not exist in the current context
[00:15:23.029 Verbose] - BuildManager - C:\Users\dotnetcloudmc102\source\repos\API\Test\CustomersControllerTest.cs(174,17): error CS0246: The type or namespace name 'Customer' could not be found (are you missing a using directive or an assembly reference?)
[00:15:23.029 Verbose] - BuildManager - C:\Users\dotnetcloudmc102\source\repos\API\Test\CustomersControllerTest.cs(174,91): error CS0103: The name 'ProjectOne' does not exist in the current context
[00:15:23.029 Verbose] - BuildManager - C:\Users\dotnetcloudmc102\source\repos\API\Test\CustomersControllerTest.cs(174,142): error CS0103: The name 'ProjectOne' does not exist in the current context
[00:15:23.029 Verbose] - BuildManager - C:\Users\dotnetcloudmc102\source\repos\API\Test\CustomersControllerTest.cs(175,17): error CS0246: The type or namespace name 'Customer' could not be found (are you missing a using directive or an assembly reference?)
[00:15:23.029 Verbose] - BuildManager - C:\Users\dotnetcloudmc102\source\repos\API\Test\CustomersControllerTest.cs(175,93): error CS0103: The name 'ProjectOne' does not exist in the current context
[00:15:23.029 Verbose] - BuildManager - C:\Users\dotnetcloudmc102\source\repos\API\Test\CustomersControllerTest.cs(175,144): error CS0103: The name 'ProjectOne' does not exist in the current context
[00:15:23.029 Verbose] - BuildManager - C:\Users\dotnetcloudmc102\source\repos\API\Test\CustomersControllerTest.cs(183,24): error CS0246: The type or namespace name 'Customer' could not be found (are you missing a using directive or an assembly reference?)
[00:15:23.029 Verbose] - BuildManager - C:\Users\dotnetcloudmc102\source\repos\API\Test\CustomersControllerTest.cs(183,100): error CS0103: The name 'ProjectOne' does not exist in the current context
[00:15:23.029 Verbose] - BuildManager - C:\Users\dotnetcloudmc102\source\repos\API\Test\CustomersControllerTest.cs(183,151): error CS0103: The name 'ProjectOne' does not exist in the current context
[00:15:23.029 Verbose] - BuildManager - C:\Users\dotnetcloudmc102\source\repos\API\Test\CustomersControllerTest.cs(189,24): error CS0246: The type or namespace name 'Customer' could not be found (are you missing a using directive or an assembly reference?)
[00:15:23.029 Verbose] - BuildManager - C:\Users\dotnetcloudmc102\source\repos\API\Test\CustomersControllerTest.cs(189,100): error CS0103: The name 'ProjectOne' does not exist in the current context
[00:15:23.029 Verbose] - BuildManager - C:\Users\dotnetcloudmc102\source\repos\API\Test\CustomersControllerTest.cs(189,151): error CS0103: The name 'ProjectOne' does not exist in the current context
[00:15:23.038 Verbose] - BuildManager - Some of the file paths defined in the csproj under the Live Unit Testing build path are missing. Verify whether these files should be present under the Live Unit Testing build path and if necessary update the csproj definition to look these files up in a different place.
[00:15:23.039 Verbose] - BuildManager - Item _OutputPathItem 'C:\Users\dotnetcloudmc102\source\repos\API\.vs\API\v16\lut\0\b\Test\bin\Debug\netcoreapp3.1\' evaluated via:
_OutputPathItem: '$(OutDir)' @ C:\Program Files (x86)\Microsoft Visual Studio\2019\Enterprise\MSBuild\Current\Bin\Microsoft.Common.CurrentVersion.targets:272
  OutDir: 'C:\Users\dotnetcloudmc102\source\repos\API\.vs\API\v16\lut\0\b\Test\bin\Debug\netcoreapp3.1\' @ C:\Users\dotnetcloudmc102\source\repos\API\Test\Test.csproj:0
[00:15:23.039 Verbose] - BuildManager - Item AppConfigFileDestination 'C:\Users\dotnetcloudmc102\source\repos\API\.vs\API\v16\lut\0\b\Test\bin\Debug\netcoreapp3.1\Test.dll.config' evaluated via:
AppConfigFileDestination: '$(OutDir)$(TargetFileName).config' @ C:\Program Files (x86)\Microsoft Visual Studio\2019\Enterprise\MSBuild\Current\Bin\Microsoft.Common.CurrentVersion.targets:303
  OutDir: 'C:\Users\dotnetcloudmc102\source\repos\API\.vs\API\v16\lut\0\b\Test\bin\Debug\netcoreapp3.1\' @ C:\Users\dotnetcloudmc102\source\repos\API\Test\Test.csproj:0
  TargetFileName: '$(TargetName)$(TargetExt)' @ C:\Program Files (x86)\Microsoft Visual Studio\2019\Enterprise\MSBuild\Current\Bin\Microsoft.Common.CurrentVersion.targets:212
    TargetName: '$(AssemblyName)' @ C:\Program Files (x86)\Microsoft Visual Studio\2019\Enterprise\MSBuild\Current\Bin\Microsoft.Common.CurrentVersion.targets:204
      AssemblyName: '$(MSBuildProjectName)' @ C:\Program Files\dotnet\sdk\3.1.302\Sdks\Microsoft.NET.Sdk\targets\Microsoft.NET.Sdk.props:32
        MSBuildProjectName: 'Test'
    TargetExt: '.dll' @ C:\Program Files\dotnet\sdk\3.1.302\Sdks\Microsoft.NET.Sdk\targets\Microsoft.NET.Sdk.BeforeCommon.targets:82
[00:15:23.039 Verbose] - BuildManager - Item _DebugSymbolsOutputPath 'C:\Users\dotnetcloudmc102\source\repos\API\.vs\API\v16\lut\0\b\Test\bin\Debug\netcoreapp3.1\Test.pdb' evaluated via:
_DebugSymbolsOutputPath: '@(_DebugSymbolsIntermediatePath->'$(OutDir)%(Filename)%(Extension)')' @ C:\Program Files (x86)\Microsoft Visual Studio\2019\Enterprise\MSBuild\Current\Bin\Microsoft.Common.CurrentVersion.targets:372
  OutDir: 'C:\Users\dotnetcloudmc102\source\repos\API\.vs\API\v16\lut\0\b\Test\bin\Debug\netcoreapp3.1\' @ C:\Users\dotnetcloudmc102\source\repos\API\Test\Test.csproj:0
[00:15:23.040 Verbose] - BuildManager - Item _ApplicationManifestFinal 'C:\Users\dotnetcloudmc102\source\repos\API\.vs\API\v16\lut\0\b\Test\bin\Debug\netcoreapp3.1\Test.dll.manifest' evaluated via:
_ApplicationManifestFinal: '$(OutDir)$(_DeploymentTargetApplicationManifestFileName)' @ C:\Program Files (x86)\Microsoft Visual Studio\2019\Enterprise\MSBuild\Current\Bin\Microsoft.Common.CurrentVersion.targets:410
  OutDir: 'C:\Users\dotnetcloudmc102\source\repos\API\.vs\API\v16\lut\0\b\Test\bin\Debug\netcoreapp3.1\' @ C:\Users\dotnetcloudmc102\source\repos\API\Test\Test.csproj:0
  _DeploymentTargetApplicationManifestFileName: '$(TargetFileName).manifest' @ C:\Program Files (x86)\Microsoft Visual Studio\2019\Enterprise\MSBuild\Current\Bin\Microsoft.Common.CurrentVersion.targets:232
    TargetFileName: '$(TargetName)$(TargetExt)' @ C:\Program Files (x86)\Microsoft Visual Studio\2019\Enterprise\MSBuild\Current\Bin\Microsoft.Common.CurrentVersion.targets:212
      TargetName: '$(AssemblyName)' @ C:\Program Files (x86)\Microsoft Visual Studio\2019\Enterprise\MSBuild\Current\Bin\Microsoft.Common.CurrentVersion.targets:204
        AssemblyName: '$(MSBuildProjectName)' @ C:\Program Files\dotnet\sdk\3.1.302\Sdks\Microsoft.NET.Sdk\targets\Microsoft.NET.Sdk.props:32
          MSBuildProjectName: 'Test'
      TargetExt: '.dll' @ C:\Program Files\dotnet\sdk\3.1.302\Sdks\Microsoft.NET.Sdk\targets\Microsoft.NET.Sdk.BeforeCommon.targets:82
